<?xml version="1.0" encoding="UTF-8"?>
<!-- Generated by org.testng.reporters.JUnitReportReporter -->
<testsuite hostname="stefan-note" name="ghostdriver.tests.Teste" tests="1" failures="0" timestamp="7 Apr 2014 01:34:02 GMT" time="2.274" errors="0">
  <testcase name="teste" time="2.274" classname="ghostdriver.tests.Teste"/>
</testsuite> <!-- ghostdriver.tests.Teste -->
