<?xml version="1.0" encoding="UTF-8"?>
<!-- Generated by org.testng.reporters.JUnitReportReporter -->
<testsuite hostname="stefan-note" name="ghostdriver.tests.CarrinhoComprasTest" tests="1" failures="0" timestamp="7 Apr 2014 03:39:31 GMT" time="3.898" errors="0">
  <testcase name="adicionarLivroCarrinho" time="3.898" classname="ghostdriver.tests.CarrinhoComprasTest"/>
</testsuite> <!-- ghostdriver.tests.CarrinhoComprasTest -->
