<?xml version="1.0" encoding="UTF-8"?>
<!-- Generated by org.testng.reporters.JUnitReportReporter -->
<testsuite hostname="stefan-note" name="ghostdriver.tests.CompararProdutosTest" tests="1" failures="0" timestamp="7 Apr 2014 03:39:31 GMT" time="2.207" errors="0">
  <testcase name="adicionarLivroParaComparacao" time="2.207" classname="ghostdriver.tests.CompararProdutosTest"/>
</testsuite> <!-- ghostdriver.tests.CompararProdutosTest -->
