<?xml version="1.0" encoding="UTF-8"?>
<!-- Generated by org.testng.reporters.JUnitReportReporter -->
<testsuite hostname="stefan-note" name="ghostdriver.tests.MapaSiteTest" tests="2" failures="0" timestamp="7 Apr 2014 03:49:55 GMT" time="3.521" errors="0">
  <testcase name="verificarNumeroProdutos" time="1.679" classname="ghostdriver.tests.MapaSiteTest"/>
  <testcase name="verificarNumeroCategorias" time="1.842" classname="ghostdriver.tests.MapaSiteTest"/>
</testsuite> <!-- ghostdriver.tests.MapaSiteTest -->
